<?xml version="1.0" encoding="UTF-8" ?>
<testsuite tests="18" failures="0" name="com.enigma.dao.BoatingDockDaoMapImplTest" time="0.014" errors="0" skipped="0">
  <properties>
[...]
</properties>
  <testcase classname="com.enigma.dao.BoatingDockDaoMapImplTest" name="getCapacity_should_return_given_capacity" time="0.003"/>
  <testcase classname="com.enigma.dao.BoatingDockDaoMapImplTest" name="createBoatingDock_should_return_message_created_boating_dock_fail_when_givenCapacity_lessThan0" time="0"/>
  <testcase classname="com.enigma.dao.BoatingDockDaoMapImplTest" name="getSlotNumberByBoatRegNumber_should_return_message_not_found_when_there_is_no_boat_suitable_with_givenRegNumber" time="0"/>
  <testcase classname="com.enigma.dao.BoatingDockDaoMapImplTest" name="createBoatingDock_should_return_message_created_boating_dock_when_success" time="0"/>
  <testcase classname="com.enigma.dao.BoatingDockDaoMapImplTest" name="leave_should_return_message_leave_when_given_pierNumber_is_exist_and_there_is_a_boat_docked" time="0"/>
  <testcase classname="com.enigma.dao.BoatingDockDaoMapImplTest" name="getBoatsByColour_should_return_reg_number_of_boats_with_given_colour" time="0.006"/>
  <testcase classname="com.enigma.dao.BoatingDockDaoMapImplTest" name="docking_should_return_message_dock_fail_when_second_boat_entry_to_pier_with_given_capacity_1" time="0"/>
  <testcase classname="com.enigma.dao.BoatingDockDaoMapImplTest" name="docking_should_return_allocated_to_pier_number_1_when_1_boat_entry_to_pier_with_given_capacity_2" time="0"/>
  <testcase classname="com.enigma.dao.BoatingDockDaoMapImplTest" name="docking_should_return_allocated_to_pier_number_2_when_second_boat_entry_to_pier_with_given_capacity_2" time="0"/>
  <testcase classname="com.enigma.dao.BoatingDockDaoMapImplTest" name="setCapacity_should_change_capacity_value" time="0"/>
  <testcase classname="com.enigma.dao.BoatingDockDaoMapImplTest" name="getStatus_should_return_a_describe_from_current_state" time="0"/>
  <testcase classname="com.enigma.dao.BoatingDockDaoMapImplTest" name="leave_should_fail_when_there_is_no_boat_at_given_pier_number" time="0"/>
  <testcase classname="com.enigma.dao.BoatingDockDaoMapImplTest" name="leave_should_return_pier_number_not_found_when_given_pierNumber_is_not_exist" time="0"/>
  <testcase classname="com.enigma.dao.BoatingDockDaoMapImplTest" name="getSlotNumberByBoatRegNumber_should_return_pierNumber_of_boat_that_suitable_with_givenRegNumber" time="0"/>
  <testcase classname="com.enigma.dao.BoatingDockDaoMapImplTest" name="getSlotNumberByBoatColour_should_return_pair_number_of_boats_with_given_colour" time="0.002"/>
  <testcase classname="com.enigma.dao.BoatingDockDaoMapImplTest" name="createBoatingDock_should_return_message_created_boating_dock_fail_when_givenCapacity_0" time="0"/>
  <testcase classname="com.enigma.dao.BoatingDockDaoMapImplTest" name="getBoatsByColour_should_return_message_no_matching_colour_when_there_is_no_boat_is_matching_with_given_colour" time="0.002"/>
  <testcase classname="com.enigma.dao.BoatingDockDaoMapImplTest" name="getSlotNumberByBoatColour_should_return_message_no_matching_colour_when_there_is_no_boat_is_suitable_with_given_colour" time="0.001"/>
</testsuite>